<<<<<<< HEAD
﻿Build started 4/7/2014 8:21:55 PM.
=======
﻿Build started 4/7/2014 12:57:12 AM.
>>>>>>> 10c11e03c05133f70e9c27a5180be9ac8a0a9252
     1>Project "C:\Users\Youbuer\Documents\GitHub\downbox\WinClient\WinClient\WinClient.vcxproj" on node 2 (Build target(s)).
     1>ClCompile:
         C:\Program Files (x86)\Microsoft Visual Studio 12.0\VC\bin\CL.exe /c /ZI /nologo /W3 /WX- /sdl /Od /Oy- /D _MBCS /Gm /EHsc /RTC1 /MDd /GS /fp:precise /Zc:wchar_t /Zc:forScope /Fo"Debug\\" /Fd"Debug\vc120.pdb" /Gd /TP /analyze- /errorReport:prompt Source.cpp
         Source.cpp
<<<<<<< HEAD
     1>c:\users\youbuer\documents\github\downbox\winclient\winclient\source.cpp(85): warning C4244: 'argument' : conversion from 'std::streamoff' to 'unsigned int', possible loss of data
     1>c:\users\youbuer\documents\github\downbox\winclient\winclient\source.cpp(30): warning C4101: 'ServerAddr' : unreferenced local variable
     1>c:\users\youbuer\documents\github\downbox\winclient\winclient\source.cpp(29): warning C4101: 'client' : unreferenced local variable
=======
     1>c:\users\youbuer\documents\github\downbox\winclient\winclient\source.cpp(81): warning C4244: 'argument' : conversion from 'std::streamoff' to 'unsigned int', possible loss of data
     1>c:\users\youbuer\documents\github\downbox\winclient\winclient\source.cpp(26): warning C4101: 'ServerAddr' : unreferenced local variable
     1>c:\users\youbuer\documents\github\downbox\winclient\winclient\source.cpp(25): warning C4101: 'client' : unreferenced local variable
>>>>>>> 10c11e03c05133f70e9c27a5180be9ac8a0a9252
       Link:
         C:\Program Files (x86)\Microsoft Visual Studio 12.0\VC\bin\link.exe /ERRORREPORT:PROMPT /OUT:"C:\Users\Youbuer\Documents\GitHub\downbox\WinClient\Debug\WinClient.exe" /INCREMENTAL /NOLOGO kernel32.lib user32.lib gdi32.lib winspool.lib comdlg32.lib advapi32.lib shell32.lib ole32.lib oleaut32.lib uuid.lib odbc32.lib odbccp32.lib /MANIFEST /MANIFESTUAC:"level='asInvoker' uiAccess='false'" /manifest:embed /DEBUG /PDB:"C:\Users\Youbuer\Documents\GitHub\downbox\WinClient\Debug\WinClient.pdb" /TLBID:1 /DYNAMICBASE /NXCOMPAT /IMPLIB:"C:\Users\Youbuer\Documents\GitHub\downbox\WinClient\Debug\WinClient.lib" /MACHINE:X86 Debug\Source.obj
         WinClient.vcxproj -> C:\Users\Youbuer\Documents\GitHub\downbox\WinClient\Debug\WinClient.exe
     1>Done Building Project "C:\Users\Youbuer\Documents\GitHub\downbox\WinClient\WinClient\WinClient.vcxproj" (Build target(s)).

Build succeeded.

<<<<<<< HEAD
Time Elapsed 00:00:00.97
=======
Time Elapsed 00:00:01.66
>>>>>>> 10c11e03c05133f70e9c27a5180be9ac8a0a9252
